<?xml version="1.0" encoding="UTF-8"?>
<!-- Generated by org.testng.reporters.JUnitXMLReporter -->
<testsuite ignored="0" hostname="DESKTOP-OGA0LUU" failures="0" tests="5" name="Default test" time="11.77" errors="0" timestamp="2026-01-09T20:59:02 EET">
  <testcase classname="ToDoAutomation.MyFirstClass" name="MySignUpRegister" time="0.751"/>
  <testcase classname="ToDoAutomation.MyFirstClass" name="LogoutTest" time="2.191"/>
  <testcase classname="ToDoAutomation.MyFirstClass" name="LoginPage" time="2.588"/>
  <testcase classname="ToDoAutomation.MyFirstClass" name="AddANewToDo" time="2.219"/>
  <testcase classname="ToDoAutomation.MyFirstClass" name="CheckorDelete" time="2.583"/>
</testsuite> <!-- Default test -->
