<?xml version="1.0" encoding="UTF-8"?>
<testng-results ignored="0" total="5" passed="5" failed="0" skipped="0">
  <reporter-output>
  </reporter-output>
  <suite started-at="2026-01-09T20:58:50 EET" name="Default suite" finished-at="2026-01-09T20:59:02 EET" duration-ms="11770">
    <groups>
    </groups>
    <test started-at="2026-01-09T20:58:50 EET" name="Default test" finished-at="2026-01-09T20:59:02 EET" duration-ms="11770">
      <class name="ToDoAutomation.MyFirstClass">
        <test-method is-config="true" signature="mySetUp()[pri:0, instance:ToDoAutomation.MyFirstClass@64ba3208]" started-at="2026-01-09T20:58:50 EET" name="mySetUp" finished-at="2026-01-09T20:58:52 EET" duration-ms="1407" status="PASS">
          <reporter-output>
          </reporter-output>
        </test-method> <!-- mySetUp -->
        <test-method signature="MySignUpRegister()[pri:1, instance:ToDoAutomation.MyFirstClass@64ba3208]" started-at="2026-01-09T20:58:52 EET" name="MySignUpRegister" finished-at="2026-01-09T20:58:52 EET" duration-ms="751" status="PASS">
          <reporter-output>
          </reporter-output>
        </test-method> <!-- MySignUpRegister -->
        <test-method signature="LogoutTest()[pri:2, instance:ToDoAutomation.MyFirstClass@64ba3208]" started-at="2026-01-09T20:58:52 EET" name="LogoutTest" finished-at="2026-01-09T20:58:55 EET" duration-ms="2191" status="PASS">
          <reporter-output>
          </reporter-output>
        </test-method> <!-- LogoutTest -->
        <test-method signature="LoginPage()[pri:3, instance:ToDoAutomation.MyFirstClass@64ba3208]" started-at="2026-01-09T20:58:55 EET" name="LoginPage" finished-at="2026-01-09T20:58:57 EET" duration-ms="2588" status="PASS">
          <reporter-output>
          </reporter-output>
        </test-method> <!-- LoginPage -->
        <test-method signature="AddANewToDo()[pri:4, instance:ToDoAutomation.MyFirstClass@64ba3208]" started-at="2026-01-09T20:58:57 EET" name="AddANewToDo" finished-at="2026-01-09T20:58:59 EET" duration-ms="2219" status="PASS">
          <reporter-output>
          </reporter-output>
        </test-method> <!-- AddANewToDo -->
        <test-method signature="CheckorDelete()[pri:5, instance:ToDoAutomation.MyFirstClass@64ba3208]" started-at="2026-01-09T20:58:59 EET" name="CheckorDelete" finished-at="2026-01-09T20:59:02 EET" duration-ms="2583" status="PASS">
          <reporter-output>
          </reporter-output>
        </test-method> <!-- CheckorDelete -->
      </class> <!-- ToDoAutomation.MyFirstClass -->
    </test> <!-- Default test -->
  </suite> <!-- Default suite -->
</testng-results>
